01-10-2018 21:12:29   INFO -Log 
Started Forgot Password features->userForgotMethod
****************************************************************

                 userForgotMethod             

****************************************************************
User navigated to Login page
User navigated to forgot password page
Received the activation link
Opened the activation link in the browser
Forgot Password features->userForgotMethod-- passed


                 -E---N---D-             

01-10-2018 21:12:35   INFO -Log 
Started Forgot Password features->userForgotValidationsMethod
****************************************************************

                 userForgotValidationsMethod             

****************************************************************
User navigated to reset password page
Forgot Password features->userForgotValidationsMethod-- passed


                 -E---N---D-             

01-10-2018 21:12:42   INFO -Log 
Started Forgot Password features->userForgotValidationsMethod
****************************************************************

                 userForgotValidationsMethod             

****************************************************************
User navigated to reset password page
Forgot Password features->userForgotValidationsMethod-- passed


                 -E---N---D-             

01-10-2018 21:12:48   INFO -Log 
Started Forgot Password features->userForgotValidationsMethod
****************************************************************

                 userForgotValidationsMethod             

****************************************************************
User navigated to reset password page
Forgot Password features->userForgotValidationsMethod-- passed


                 -E---N---D-             

01-10-2018 21:12:54   INFO -Log 
Started Forgot Password features->userForgotValidationsMethod
****************************************************************

                 userForgotValidationsMethod             

****************************************************************
User navigated to reset password page
Forgot Password features->userForgotValidationsMethod-- passed


                 -E---N---D-             

01-10-2018 21:13:01   INFO -Log 
Started Forgot Password features->userForgotValidationsMethod
****************************************************************

                 userForgotValidationsMethod             

****************************************************************
User navigated to reset password page
Forgot Password features->userForgotValidationsMethod-- passed


                 -E---N---D-             

01-10-2018 21:13:01   INFO -Log 
Started Forgot Password features->userForgotResetMethod
****************************************************************

                 userForgotResetMethod             

****************************************************************
User navigated to reset password page
Forgot Password features->userForgotResetMethod-- passed


                 -E---N---D-             

01-10-2018 21:13:02   INFO -Log 
Started Forgot Password features->userForgotPassValidationsMethod
****************************************************************

                 userForgotPassValidationsMethod             

****************************************************************
User navigated to Login page
User navigated to forgot password page
Forgot Password features->userForgotPassValidationsMethod-- passed


                 -E---N---D-             

