01-10-2018 21:42:33   ERROR-Log 
Started Reset password features->userLoginMethod
****************************************************************

                 userLoginMethod             

****************************************************************
User is navigated to home page
User Login pop-up is displayed
User clicked on the Login button
Login is unsuccessful
Reset password features->userLoginMethod-- failed

/home/qbuser/ConsenSys_Automation/automation/ConsenSys

                 -E---N---D-             

01-10-2018 21:42:43   ERROR-Log 
Started Reset password features->resetPasswordValidationsMethod
****************************************************************

                 resetPasswordValidationsMethod             

****************************************************************
User navigated to reset password page
Errors occurred during reset password validations
Reset password features->resetPasswordValidationsMethod-- failed

/home/qbuser/ConsenSys_Automation/automation/ConsenSys

                 -E---N---D-             

